<?xml version="1.0" encoding="UTF-8"?>
<!-- Generated by org.testng.reporters.JUnitReportReporter -->
<testsuite hostname="bbfabcbdbcffffa43194ddccabcceedbdcone-0" failures="0" tests="1" name="runner.Testcase1" time="10.314" errors="0" timestamp="2023-12-28T06:04:15 UTC" skipped="0">
  <testcase classname="runner.Testcase1" name="TC_001" time="10.314"/>
</testsuite> <!-- runner.Testcase1 -->
