<?xml version="1.0" encoding="UTF-8"?>
<!-- Generated by org.testng.reporters.JUnitReportReporter -->
<testsuite hostname="bbfabcbdbcffffa43194ddccabcceedbdcone-0" failures="0" tests="1" name="runner.Testcase1" time="9.590" errors="0" timestamp="2023-12-28T05:36:10 UTC" skipped="0">
  <testcase classname="runner.Testcase1" name="TC_001" time="9.590"/>
</testsuite> <!-- runner.Testcase1 -->
