<?xml version="1.0" encoding="UTF-8"?>
<!-- Generated by org.testng.reporters.JUnitReportReporter -->
<testsuite hostname="bbfabcbdbcffffa43194ddccabcceedbdcone-0" failures="0" tests="1" name="runner.Testcase2" time="16.235" errors="0" timestamp="2023-12-28T05:42:42 UTC" skipped="0">
  <testcase classname="runner.Testcase2" name="TC_002" time="16.235"/>
</testsuite> <!-- runner.Testcase2 -->
