<?xml version="1.0" encoding="UTF-8"?>
<!-- Generated by org.testng.reporters.JUnitReportReporter -->
<testsuite hostname="bbfabcbdbcffffa43194ddccabcceedbdcone-0" failures="0" tests="1" name="runner.Testcase3" time="31.711" errors="0" timestamp="2023-12-28T05:42:42 UTC" skipped="0">
  <testcase classname="runner.Testcase3" name="TC_003" time="31.711"/>
</testsuite> <!-- runner.Testcase3 -->
